<?xml version="1.0" encoding="UTF-8"?>
<!-- Generated by org.testng.reporters.JUnitReportReporter -->
<testsuite hostname="Apples-MacBook.local" failures="0" tests="3" name="com.test.pet.ApiTestCases.UserAPITest" time="5.800" errors="0" timestamp="2022-06-24T21:43:30 IST" skipped="0">
  <testcase classname="com.test.pet.ApiTestCases.UserAPITest" name="createListOfUser" time="1.980"/>
  <system-out/>
  <testcase classname="com.test.pet.ApiTestCases.UserAPITest" name="updateUserDetail" time="1.757"/>
  <system-out/>
  <testcase classname="com.test.pet.ApiTestCases.UserAPITest" name="getUserDetail" time="2.063"/>
  <system-out/>
</testsuite> <!-- com.test.pet.ApiTestCases.UserAPITest -->
