<?xml version="1.0" encoding="UTF-8"?>
<!-- Generated by org.testng.reporters.JUnitReportReporter -->
<testsuite hostname="Apples-MacBook.local" failures="0" tests="3" name="com.test.pet.ApiTestCases.PetTests" time="24.783" errors="0" timestamp="2022-06-25T16:32:17 IST" skipped="0">
  <testcase classname="com.test.pet.ApiTestCases.PetTests" name="addNewPet" time="21.328"/>
  <system-out/>
  <testcase classname="com.test.pet.ApiTestCases.PetTests" name="updatePet" time="1.822"/>
  <system-out/>
  <testcase classname="com.test.pet.ApiTestCases.PetTests" name="getPetsByStatus" time="1.633"/>
  <system-out/>
</testsuite> <!-- com.test.pet.ApiTestCases.PetTests -->
