<?xml version="1.0" encoding="UTF-8"?>
<!-- Generated by org.testng.reporters.JUnitReportReporter -->
<testsuite hostname="Apples-MacBook.local" failures="0" tests="3" name="com.test.pet.ApiTestCases.PetTests" time="9.735" errors="0" timestamp="2022-06-24T21:43:30 IST" skipped="0">
  <testcase classname="com.test.pet.ApiTestCases.PetTests" name="addNewPet" time="5.607"/>
  <system-out/>
  <testcase classname="com.test.pet.ApiTestCases.PetTests" name="updatePet" time="2.091"/>
  <system-out/>
  <testcase classname="com.test.pet.ApiTestCases.PetTests" name="getPetsByStatus" time="2.037"/>
  <system-out/>
</testsuite> <!-- com.test.pet.ApiTestCases.PetTests -->
