<?xml version="1.0" encoding="UTF-8"?>
<!-- Generated by org.testng.reporters.JUnitReportReporter -->
<testsuite hostname="Apples-MacBook.local" failures="0" tests="3" name="com.test.pet.ApiTestCases.UserAPITestCase" time="9.833" errors="0" timestamp="2022-06-14T22:20:57 IST" skipped="0">
  <testcase classname="com.test.pet.ApiTestCases.UserAPITestCase" name="createListOfUser" time="5.448"/>
  <system-out/>
  <testcase classname="com.test.pet.ApiTestCases.UserAPITestCase" name="updateUserDetail" time="2.850"/>
  <system-out/>
  <testcase classname="com.test.pet.ApiTestCases.UserAPITestCase" name="getUserDetail" time="1.535"/>
  <system-out/>
</testsuite> <!-- com.test.pet.ApiTestCases.UserAPITestCase -->
