<?xml version="1.0" encoding="UTF-8"?>
<!-- Generated by org.testng.reporters.JUnitReportReporter -->
<testsuite hostname="Apples-MacBook.local" failures="0" tests="3" name="com.test.pet.ApiTestCases.UserAPITest" time="6.904" errors="0" timestamp="2022-06-25T16:32:17 IST" skipped="0">
  <testcase classname="com.test.pet.ApiTestCases.UserAPITest" name="createListOfUser" time="3.251"/>
  <system-out/>
  <testcase classname="com.test.pet.ApiTestCases.UserAPITest" name="updateUserDetail" time="1.731"/>
  <system-out/>
  <testcase classname="com.test.pet.ApiTestCases.UserAPITest" name="getUserDetail" time="1.922"/>
  <system-out/>
</testsuite> <!-- com.test.pet.ApiTestCases.UserAPITest -->
